<?xml version="1.0" encoding="UTF-8"?>
<testng-results skipped="0" failed="0" ignored="0" total="1" passed="1">
  <reporter-output>
  </reporter-output>
  <suite name="Default suite" duration-ms="83" started-at="2020-08-28T14:58:49Z" finished-at="2020-08-28T14:58:49Z">
    <groups>
    </groups>
    <test name="Default test" duration-ms="83" started-at="2020-08-28T14:58:49Z" finished-at="2020-08-28T14:58:49Z">
      <class name="com.tests.IRCTC.Hello">
        <test-method status="PASS" signature="hello()[pri:0, instance:com.tests.IRCTC.Hello@365185bd]" name="hello" duration-ms="32" started-at="2020-08-28T14:58:49Z" finished-at="2020-08-28T14:58:49Z">
          <reporter-output>
          </reporter-output>
        </test-method> <!-- hello -->
      </class> <!-- com.tests.IRCTC.Hello -->
    </test> <!-- Default test -->
  </suite> <!-- Default suite -->
</testng-results>
