<?xml version="1.0" encoding="UTF-8"?>
<testng-results skipped="0" failed="1" ignored="0" total="1" passed="0">
  <reporter-output>
    <line>
      <![CDATA[Execution is starting]]>
    </line>
    <line>
      <![CDATA[Execution is completed]]>
    </line>
  </reporter-output>
  <suite name="Default suite" duration-ms="28290" started-at="2020-08-20T08:20:14Z" finished-at="2020-08-20T08:20:43Z">
    <groups>
    </groups>
    <test name="Default test" duration-ms="28290" started-at="2020-08-20T08:20:14Z" finished-at="2020-08-20T08:20:43Z">
      <class name="com.tests.IRCTC.Test_IRCTC_RegistrationPage">
        <test-method status="PASS" signature="startExecution()[pri:0, instance:com.tests.IRCTC.Test_IRCTC_RegistrationPage@47db50c5]" name="startExecution" is-config="true" duration-ms="21" started-at="2020-08-20T08:20:14Z" finished-at="2020-08-20T08:20:14Z">
          <reporter-output>
            <line>
              <![CDATA[Execution is starting]]>
            </line>
          </reporter-output>
        </test-method> <!-- startExecution -->
        <test-method status="PASS" signature="openBrowser()[pri:0, instance:com.tests.IRCTC.Test_IRCTC_RegistrationPage@47db50c5]" name="openBrowser" is-config="true" duration-ms="14509" started-at="2020-08-20T08:20:14Z" finished-at="2020-08-20T08:20:29Z">
          <reporter-output>
          </reporter-output>
        </test-method> <!-- openBrowser -->
        <test-method status="FAIL" signature="SgnUp()[pri:0, instance:com.tests.IRCTC.Test_IRCTC_RegistrationPage@47db50c5]" name="SgnUp" duration-ms="13734" started-at="2020-08-20T08:20:29Z" finished-at="2020-08-20T08:20:43Z">
          <exception class="org.openqa.selenium.ElementNotInteractableException">
            <message>
              <![CDATA[element not interactable
  (Session info: chrome=84.0.4147.125)
Build info: version: '3.11.0', revision: 'e59cfb3', time: '2018-03-11T20:26:55.152Z'
System info: host: 'DESKTOP-TK6NA9H', ip: '192.168.0.105', os.name: 'Windows 10', os.arch: 'amd64', os.version: '10.0', java.version: '1.8.0_261'
Driver info: org.openqa.selenium.chrome.ChromeDriver
Capabilities {acceptInsecureCerts: false, browserName: chrome, browserVersion: 84.0.4147.125, chrome: {chromedriverVersion: 84.0.4147.30 (48b3e868b4cc0..., userDataDir: C:\Users\Shobhit\AppData\Lo...}, goog:chromeOptions: {debuggerAddress: localhost:57068}, javascriptEnabled: true, networkConnectionEnabled: false, pageLoadStrategy: normal, platform: WINDOWS, platformName: WINDOWS, proxy: Proxy(), setWindowRect: true, strictFileInteractability: false, timeouts: {implicit: 0, pageLoad: 300000, script: 30000}, unhandledPromptBehavior: dismiss and notify, webauthn:virtualAuthenticators: true}
Session ID: fa6d59179cb6b99dd0e814743a072d18]]>
            </message>
            <full-stacktrace>
              <![CDATA[org.openqa.selenium.ElementNotInteractableException: element not interactable
  (Session info: chrome=84.0.4147.125)
Build info: version: '3.11.0', revision: 'e59cfb3', time: '2018-03-11T20:26:55.152Z'
System info: host: 'DESKTOP-TK6NA9H', ip: '192.168.0.105', os.name: 'Windows 10', os.arch: 'amd64', os.version: '10.0', java.version: '1.8.0_261'
Driver info: org.openqa.selenium.chrome.ChromeDriver
Capabilities {acceptInsecureCerts: false, browserName: chrome, browserVersion: 84.0.4147.125, chrome: {chromedriverVersion: 84.0.4147.30 (48b3e868b4cc0..., userDataDir: C:\Users\Shobhit\AppData\Lo...}, goog:chromeOptions: {debuggerAddress: localhost:57068}, javascriptEnabled: true, networkConnectionEnabled: false, pageLoadStrategy: normal, platform: WINDOWS, platformName: WINDOWS, proxy: Proxy(), setWindowRect: true, strictFileInteractability: false, timeouts: {implicit: 0, pageLoad: 300000, script: 30000}, unhandledPromptBehavior: dismiss and notify, webauthn:virtualAuthenticators: true}
Session ID: fa6d59179cb6b99dd0e814743a072d18
at sun.reflect.NativeConstructorAccessorImpl.newInstance0(Native Method)
at sun.reflect.NativeConstructorAccessorImpl.newInstance(Unknown Source)
at sun.reflect.DelegatingConstructorAccessorImpl.newInstance(Unknown Source)
at java.lang.reflect.Constructor.newInstance(Unknown Source)
at org.openqa.selenium.remote.http.W3CHttpResponseCodec.createException(W3CHttpResponseCodec.java:187)
at org.openqa.selenium.remote.http.W3CHttpResponseCodec.decode(W3CHttpResponseCodec.java:122)
at org.openqa.selenium.remote.http.W3CHttpResponseCodec.decode(W3CHttpResponseCodec.java:49)
at org.openqa.selenium.remote.HttpCommandExecutor.execute(HttpCommandExecutor.java:158)
at org.openqa.selenium.remote.service.DriverCommandExecutor.execute(DriverCommandExecutor.java:83)
at org.openqa.selenium.remote.RemoteWebDriver.execute(RemoteWebDriver.java:545)
at org.openqa.selenium.remote.RemoteWebElement.execute(RemoteWebElement.java:279)
at org.openqa.selenium.remote.RemoteWebElement.sendKeys(RemoteWebElement.java:100)
at sun.reflect.NativeMethodAccessorImpl.invoke0(Native Method)
at sun.reflect.NativeMethodAccessorImpl.invoke(Unknown Source)
at sun.reflect.DelegatingMethodAccessorImpl.invoke(Unknown Source)
at java.lang.reflect.Method.invoke(Unknown Source)
at org.openqa.selenium.support.pagefactory.internal.LocatingElementHandler.invoke(LocatingElementHandler.java:51)
at com.sun.proxy.$Proxy11.sendKeys(Unknown Source)
at com.pages.IRCTC.Irctc_RegistrationPage.Irctc_Registration(Irctc_RegistrationPage.java:204)
at com.tests.IRCTC.Test_IRCTC_RegistrationPage.SgnUp(Test_IRCTC_RegistrationPage.java:17)
at sun.reflect.NativeMethodAccessorImpl.invoke0(Native Method)
at sun.reflect.NativeMethodAccessorImpl.invoke(Unknown Source)
at sun.reflect.DelegatingMethodAccessorImpl.invoke(Unknown Source)
at java.lang.reflect.Method.invoke(Unknown Source)
at org.testng.internal.MethodInvocationHelper.invokeMethod(MethodInvocationHelper.java:124)
at org.testng.internal.Invoker.invokeMethod(Invoker.java:583)
at org.testng.internal.Invoker.invokeTestMethod(Invoker.java:719)
at org.testng.internal.Invoker.invokeTestMethods(Invoker.java:989)
at org.testng.internal.TestMethodWorker.invokeTestMethods(TestMethodWorker.java:125)
at org.testng.internal.TestMethodWorker.run(TestMethodWorker.java:109)
at org.testng.TestRunner.privateRun(TestRunner.java:648)
at org.testng.TestRunner.run(TestRunner.java:505)
at org.testng.SuiteRunner.runTest(SuiteRunner.java:455)
at org.testng.SuiteRunner.runSequentially(SuiteRunner.java:450)
at org.testng.SuiteRunner.privateRun(SuiteRunner.java:415)
at org.testng.SuiteRunner.run(SuiteRunner.java:364)
at org.testng.SuiteRunnerWorker.runSuite(SuiteRunnerWorker.java:52)
at org.testng.SuiteRunnerWorker.run(SuiteRunnerWorker.java:84)
at org.testng.TestNG.runSuitesSequentially(TestNG.java:1208)
at org.testng.TestNG.runSuitesLocally(TestNG.java:1137)
at org.testng.TestNG.runSuites(TestNG.java:1049)
at org.testng.TestNG.run(TestNG.java:1017)
at org.testng.remote.AbstractRemoteTestNG.run(AbstractRemoteTestNG.java:115)
at org.testng.remote.RemoteTestNG.initAndRun(RemoteTestNG.java:251)
at org.testng.remote.RemoteTestNG.main(RemoteTestNG.java:77)
]]>
            </full-stacktrace>
          </exception> <!-- org.openqa.selenium.ElementNotInteractableException -->
          <reporter-output>
          </reporter-output>
        </test-method> <!-- SgnUp -->
        <test-method status="PASS" signature="closeBrowser()[pri:0, instance:com.tests.IRCTC.Test_IRCTC_RegistrationPage@47db50c5]" name="closeBrowser" is-config="true" duration-ms="1" started-at="2020-08-20T08:20:43Z" finished-at="2020-08-20T08:20:43Z">
          <reporter-output>
          </reporter-output>
        </test-method> <!-- closeBrowser -->
        <test-method status="PASS" signature="endExecution()[pri:0, instance:com.tests.IRCTC.Test_IRCTC_RegistrationPage@47db50c5]" name="endExecution" is-config="true" duration-ms="2" started-at="2020-08-20T08:20:43Z" finished-at="2020-08-20T08:20:43Z">
          <reporter-output>
            <line>
              <![CDATA[Execution is completed]]>
            </line>
          </reporter-output>
        </test-method> <!-- endExecution -->
      </class> <!-- com.tests.IRCTC.Test_IRCTC_RegistrationPage -->
    </test> <!-- Default test -->
  </suite> <!-- Default suite -->
</testng-results>
